<?xml version="1.0" encoding="UTF-8" ?>
<testsuite failures="0" time="122.009" errors="2" skipped="4" tests="6" name="weather.RunCukesTest">
  <properties>
[...]
</properties>
  <testcase time="20.331" classname="Scenario: User can see 5 days weather forecast for a given location" name="Scenario: User can see 5 days weather forecast for a given location">
    <error message="Could not start a new session. Possible causes are invalid address of the remote server or browser start-up failure.
Build info: version: &apos;2.41.0&apos;, revision: &apos;3192d8a&apos;, time: &apos;2014-03-27 17:17:32&apos;
System info: host: &apos;lws0186160&apos;, ip: &apos;127.0.0.1&apos;, os.name: &apos;Linux&apos;, os.arch: &apos;amd64&apos;, os.version: &apos;2.6.32-573.3.1.el6.x86_64&apos;, java.version: &apos;1.7.0_51&apos;
Driver info: driver.version: ChromeDriver" type="org.openqa.selenium.remote.UnreachableBrowserException">org.openqa.selenium.remote.UnreachableBrowserException: Could not start a new session. Possible causes are invalid address of the remote server or browser start-up failure.
Build info: version: &apos;2.41.0&apos;, revision: &apos;3192d8a&apos;, time: &apos;2014-03-27 17:17:32&apos;
System info: host: &apos;lws0186160&apos;, ip: &apos;127.0.0.1&apos;, os.name: &apos;Linux&apos;, os.arch: &apos;amd64&apos;, os.version: &apos;2.6.32-573.3.1.el6.x86_64&apos;, java.version: &apos;1.7.0_51&apos;
Driver info: driver.version: ChromeDriver
	at org.openqa.selenium.remote.RemoteWebDriver.execute(RemoteWebDriver.java:589)
	at org.openqa.selenium.remote.RemoteWebDriver.startSession(RemoteWebDriver.java:240)
	at org.openqa.selenium.chrome.ChromeDriver.startSession(ChromeDriver.java:181)
	at org.openqa.selenium.remote.RemoteWebDriver.&lt;init&gt;(RemoteWebDriver.java:126)
	at org.openqa.selenium.remote.RemoteWebDriver.&lt;init&gt;(RemoteWebDriver.java:139)
	at org.openqa.selenium.chrome.ChromeDriver.&lt;init&gt;(ChromeDriver.java:160)
	at org.openqa.selenium.chrome.ChromeDriver.&lt;init&gt;(ChromeDriver.java:128)
	at weather.driver.WebDriverFactory.getChromeDriver(WebDriverFactory.java:48)
	at weather.driver.WebDriverFactory.getWebDriver(WebDriverFactory.java:28)
	at weather.hooks.Setup.before(Setup.java:21)
	at sun.reflect.NativeMethodAccessorImpl.invoke0(Native Method)
	at sun.reflect.NativeMethodAccessorImpl.invoke(NativeMethodAccessorImpl.java:57)
	at sun.reflect.DelegatingMethodAccessorImpl.invoke(DelegatingMethodAccessorImpl.java:43)
	at java.lang.reflect.Method.invoke(Method.java:606)
	at cucumber.runtime.Utils$1.call(Utils.java:37)
	at cucumber.runtime.Timeout.timeout(Timeout.java:13)
	at cucumber.runtime.Utils.invoke(Utils.java:31)
	at cucumber.runtime.java.JavaHookDefinition.execute(JavaHookDefinition.java:60)
	at cucumber.runtime.Runtime.runHookIfTagsMatch(Runtime.java:223)
	at cucumber.runtime.Runtime.runHooks(Runtime.java:211)
	at cucumber.runtime.Runtime.runBeforeHooks(Runtime.java:201)
	at cucumber.runtime.model.CucumberScenario.run(CucumberScenario.java:40)
	at cucumber.runtime.junit.ExecutionUnitRunner.run(ExecutionUnitRunner.java:91)
	at cucumber.runtime.junit.FeatureRunner.runChild(FeatureRunner.java:63)
	at cucumber.runtime.junit.FeatureRunner.runChild(FeatureRunner.java:18)
	at org.junit.runners.ParentRunner$3.run(ParentRunner.java:290)
	at org.junit.runners.ParentRunner$1.schedule(ParentRunner.java:71)
	at org.junit.runners.ParentRunner.runChildren(ParentRunner.java:288)
	at org.junit.runners.ParentRunner.access$000(ParentRunner.java:58)
	at org.junit.runners.ParentRunner$2.evaluate(ParentRunner.java:268)
	at org.junit.runners.ParentRunner.run(ParentRunner.java:363)
	at cucumber.runtime.junit.FeatureRunner.run(FeatureRunner.java:70)
	at cucumber.api.junit.Cucumber.runChild(Cucumber.java:93)
	at cucumber.api.junit.Cucumber.runChild(Cucumber.java:37)
	at org.junit.runners.ParentRunner$3.run(ParentRunner.java:290)
	at org.junit.runners.ParentRunner$1.schedule(ParentRunner.java:71)
	at org.junit.runners.ParentRunner.runChildren(ParentRunner.java:288)
	at org.junit.runners.ParentRunner.access$000(ParentRunner.java:58)
	at org.junit.runners.ParentRunner$2.evaluate(ParentRunner.java:268)
	at org.junit.runners.ParentRunner.run(ParentRunner.java:363)
	at cucumber.api.junit.Cucumber.run(Cucumber.java:98)
	at org.apache.maven.surefire.junit4.JUnit4Provider.execute(JUnit4Provider.java:252)
	at org.apache.maven.surefire.junit4.JUnit4Provider.executeTestSet(JUnit4Provider.java:141)
	at org.apache.maven.surefire.junit4.JUnit4Provider.invoke(JUnit4Provider.java:112)
	at sun.reflect.NativeMethodAccessorImpl.invoke0(Native Method)
	at sun.reflect.NativeMethodAccessorImpl.invoke(NativeMethodAccessorImpl.java:57)
	at sun.reflect.DelegatingMethodAccessorImpl.invoke(DelegatingMethodAccessorImpl.java:43)
	at java.lang.reflect.Method.invoke(Method.java:606)
	at org.apache.maven.surefire.util.ReflectionUtils.invokeMethodWithArray(ReflectionUtils.java:189)
	at org.apache.maven.surefire.booter.ProviderFactory$ProviderProxy.invoke(ProviderFactory.java:165)
	at org.apache.maven.surefire.booter.ProviderFactory.invokeProvider(ProviderFactory.java:85)
	at org.apache.maven.surefire.booter.ForkedBooter.runSuitesInProcess(ForkedBooter.java:115)
	at org.apache.maven.surefire.booter.ForkedBooter.main(ForkedBooter.java:75)
Caused by: org.openqa.selenium.WebDriverException: Timed out waiting for driver server to start.
Build info: version: &apos;2.41.0&apos;, revision: &apos;3192d8a&apos;, time: &apos;2014-03-27 17:17:32&apos;
System info: host: &apos;lws0186160&apos;, ip: &apos;127.0.0.1&apos;, os.name: &apos;Linux&apos;, os.arch: &apos;amd64&apos;, os.version: &apos;2.6.32-573.3.1.el6.x86_64&apos;, java.version: &apos;1.7.0_51&apos;
Driver info: driver.version: ChromeDriver
	at org.openqa.selenium.remote.service.DriverService.start(DriverService.java:165)
	at org.openqa.selenium.remote.service.DriverCommandExecutor.execute(DriverCommandExecutor.java:62)
	at org.openqa.selenium.remote.RemoteWebDriver.execute(RemoteWebDriver.java:568)
	... 52 more
Caused by: org.openqa.selenium.net.UrlChecker$TimeoutException: Timed out waiting for [http://localhost:7256/status] to be available after 20001 ms
	at org.openqa.selenium.net.UrlChecker.waitUntilAvailable(UrlChecker.java:104)
	at org.openqa.selenium.remote.service.DriverService.start(DriverService.java:163)
	... 54 more
Caused by: com.google.common.util.concurrent.UncheckedTimeoutException: java.util.concurrent.TimeoutException
	at com.google.common.util.concurrent.SimpleTimeLimiter.callWithTimeout(SimpleTimeLimiter.java:143)
	at org.openqa.selenium.net.UrlChecker.waitUntilAvailable(UrlChecker.java:79)
	... 55 more
Caused by: java.util.concurrent.TimeoutException
	at java.util.concurrent.FutureTask.get(FutureTask.java:201)
	at com.google.common.util.concurrent.SimpleTimeLimiter.callWithTimeout(SimpleTimeLimiter.java:130)
	... 56 more
</error>
    <system-out>Feature: Show 5 days weather forecast for a given location
</system-out>
    <system-err>/usr/bin/chromedriver: /usr/lib64/libstdc++.so.6: version `GLIBCXX_3.4.15&apos; not found (required by /usr/bin/chromedriver)
</system-err>
  </testcase>
  <testcase time="20.333" classname="Scenario: User can see 5 days weather forecast for a given location" name="Given user is in the weather application">
    <skipped/>
    <system-out>&amp;#27;[31mFailure in before hook:&amp;#27;[0m&amp;#27;[31mSetup.before(Scenario)&amp;#27;[0m
&amp;#27;[31mMessage: &amp;#27;[0m&amp;#27;[31morg.openqa.selenium.remote.UnreachableBrowserException: Could not start a new session. Possible causes are invalid address of the remote server or browser start-up failure.
Build info: version: &apos;2.41.0&apos;, revision: &apos;3192d8a&apos;, time: &apos;2014-03-27 17:17:32&apos;
System info: host: &apos;lws0186160&apos;, ip: &apos;127.0.0.1&apos;, os.name: &apos;Linux&apos;, os.arch: &apos;amd64&apos;, os.version: &apos;2.6.32-573.3.1.el6.x86_64&apos;, java.version: &apos;1.7.0_51&apos;
Driver info: driver.version: ChromeDriver
	at org.openqa.selenium.remote.RemoteWebDriver.execute(RemoteWebDriver.java:589)
	at org.openqa.selenium.remote.RemoteWebDriver.startSession(RemoteWebDriver.java:240)
	at org.openqa.selenium.chrome.ChromeDriver.startSession(ChromeDriver.java:181)
	at org.openqa.selenium.remote.RemoteWebDriver.&lt;init&gt;(RemoteWebDriver.java:126)
	at org.openqa.selenium.remote.RemoteWebDriver.&lt;init&gt;(RemoteWebDriver.java:139)
	at org.openqa.selenium.chrome.ChromeDriver.&lt;init&gt;(ChromeDriver.java:160)
	at org.openqa.selenium.chrome.ChromeDriver.&lt;init&gt;(ChromeDriver.java:128)
	at weather.driver.WebDriverFactory.getChromeDriver(WebDriverFactory.java:48)
	at weather.driver.WebDriverFactory.getWebDriver(WebDriverFactory.java:28)
	at weather.hooks.Setup.before(Setup.java:21)
	at sun.reflect.NativeMethodAccessorImpl.invoke0(Native Method)
	at sun.reflect.NativeMethodAccessorImpl.invoke(NativeMethodAccessorImpl.java:57)
	at sun.reflect.DelegatingMethodAccessorImpl.invoke(DelegatingMethodAccessorImpl.java:43)
	at java.lang.reflect.Method.invoke(Method.java:606)
	at cucumber.runtime.Utils$1.call(Utils.java:37)
	at cucumber.runtime.Timeout.timeout(Timeout.java:13)
	at cucumber.runtime.Utils.invoke(Utils.java:31)
	at cucumber.runtime.java.JavaHookDefinition.execute(JavaHookDefinition.java:60)
	at cucumber.runtime.Runtime.runHookIfTagsMatch(Runtime.java:223)
	at cucumber.runtime.Runtime.runHooks(Runtime.java:211)
	at cucumber.runtime.Runtime.runBeforeHooks(Runtime.java:201)
	at cucumber.runtime.model.CucumberScenario.run(CucumberScenario.java:40)
	at cucumber.runtime.junit.ExecutionUnitRunner.run(ExecutionUnitRunner.java:91)
	at cucumber.runtime.junit.FeatureRunner.runChild(FeatureRunner.java:63)
	at cucumber.runtime.junit.FeatureRunner.runChild(FeatureRunner.java:18)
	at org.junit.runners.ParentRunner$3.run(ParentRunner.java:290)
	at org.junit.runners.ParentRunner$1.schedule(ParentRunner.java:71)
	at org.junit.runners.ParentRunner.runChildren(ParentRunner.java:288)
	at org.junit.runners.ParentRunner.access$000(ParentRunner.java:58)
	at org.junit.runners.ParentRunner$2.evaluate(ParentRunner.java:268)
	at org.junit.runners.ParentRunner.run(ParentRunner.java:363)
	at cucumber.runtime.junit.FeatureRunner.run(FeatureRunner.java:70)
	at cucumber.api.junit.Cucumber.runChild(Cucumber.java:93)
	at cucumber.api.junit.Cucumber.runChild(Cucumber.java:37)
	at org.junit.runners.ParentRunner$3.run(ParentRunner.java:290)
	at org.junit.runners.ParentRunner$1.schedule(ParentRunner.java:71)
	at org.junit.runners.ParentRunner.runChildren(ParentRunner.java:288)
	at org.junit.runners.ParentRunner.access$000(ParentRunner.java:58)
	at org.junit.runners.ParentRunner$2.evaluate(ParentRunner.java:268)
	at org.junit.runners.ParentRunner.run(ParentRunner.java:363)
	at cucumber.api.junit.Cucumber.run(Cucumber.java:98)
	at org.apache.maven.surefire.junit4.JUnit4Provider.execute(JUnit4Provider.java:252)
	at org.apache.maven.surefire.junit4.JUnit4Provider.executeTestSet(JUnit4Provider.java:141)
	at org.apache.maven.surefire.junit4.JUnit4Provider.invoke(JUnit4Provider.java:112)
	at sun.reflect.NativeMethodAccessorImpl.invoke0(Native Method)
	at sun.reflect.NativeMethodAccessorImpl.invoke(NativeMethodAccessorImpl.java:57)
	at sun.reflect.DelegatingMethodAccessorImpl.invoke(DelegatingMethodAccessorImpl.java:43)
	at java.lang.reflect.Method.invoke(Method.java:606)
	at org.apache.maven.surefire.util.ReflectionUtils.invokeMethodWithArray(ReflectionUtils.java:189)
	at org.apache.maven.surefire.booter.ProviderFactory$ProviderProxy.invoke(ProviderFactory.java:165)
	at org.apache.maven.surefire.booter.ProviderFactory.invokeProvider(ProviderFactory.java:85)
	at org.apache.maven.surefire.booter.ForkedBooter.runSuitesInProcess(ForkedBooter.java:115)
	at org.apache.maven.surefire.booter.ForkedBooter.main(ForkedBooter.java:75)
Caused by: org.openqa.selenium.WebDriverException: Timed out waiting for driver server to start.
Build info: version: &apos;2.41.0&apos;, revision: &apos;3192d8a&apos;, time: &apos;2014-03-27 17:17:32&apos;
System info: host: &apos;lws0186160&apos;, ip: &apos;127.0.0.1&apos;, os.name: &apos;Linux&apos;, os.arch: &apos;amd64&apos;, os.version: &apos;2.6.32-573.3.1.el6.x86_64&apos;, java.version: &apos;1.7.0_51&apos;
Driver info: driver.version: ChromeDriver
	at org.openqa.selenium.remote.service.DriverService.start(DriverService.java:165)
	at org.openqa.selenium.remote.service.DriverCommandExecutor.execute(DriverCommandExecutor.java:62)
	at org.openqa.selenium.remote.RemoteWebDriver.execute(RemoteWebDriver.java:568)
	... 52 more
Caused by: org.openqa.selenium.net.UrlChecker$TimeoutException: Timed out waiting for [http://localhost:7256/status] to be available after 20001 ms
	at org.openqa.selenium.net.UrlChecker.waitUntilAvailable(UrlChecker.java:104)
	at org.openqa.selenium.remote.service.DriverService.start(DriverService.java:163)
	... 54 more
Caused by: com.google.common.util.concurrent.UncheckedTimeoutException: java.util.concurrent.TimeoutException
	at com.google.common.util.concurrent.SimpleTimeLimiter.callWithTimeout(SimpleTimeLimiter.java:143)
	at org.openqa.selenium.net.UrlChecker.waitUntilAvailable(UrlChecker.java:79)
	... 55 more
Caused by: java.util.concurrent.TimeoutException
	at java.util.concurrent.FutureTask.get(FutureTask.java:201)
	at com.google.common.util.concurrent.SimpleTimeLimiter.callWithTimeout(SimpleTimeLimiter.java:130)
	... 56 more
&amp;#27;[0m
      &amp;#27;[31morg.openqa.selenium.remote.UnreachableBrowserException: Could not start a new session. Possible causes are invalid address of the remote server or browser start-up failure.
      Build info: version: &apos;2.41.0&apos;, revision: &apos;3192d8a&apos;, time: &apos;2014-03-27 17:17:32&apos;
      System info: host: &apos;lws0186160&apos;, ip: &apos;127.0.0.1&apos;, os.name: &apos;Linux&apos;, os.arch: &apos;amd64&apos;, os.version: &apos;2.6.32-573.3.1.el6.x86_64&apos;, java.version: &apos;1.7.0_51&apos;
      Driver info: driver.version: ChromeDriver
      	at org.openqa.selenium.remote.RemoteWebDriver.execute(RemoteWebDriver.java:589)
      	at org.openqa.selenium.remote.RemoteWebDriver.startSession(RemoteWebDriver.java:240)
      	at org.openqa.selenium.chrome.ChromeDriver.startSession(ChromeDriver.java:181)
      	at org.openqa.selenium.remote.RemoteWebDriver.&lt;init&gt;(RemoteWebDriver.java:126)
      	at org.openqa.selenium.remote.RemoteWebDriver.&lt;init&gt;(RemoteWebDriver.java:139)
      	at org.openqa.selenium.chrome.ChromeDriver.&lt;init&gt;(ChromeDriver.java:160)
      	at org.openqa.selenium.chrome.ChromeDriver.&lt;init&gt;(ChromeDriver.java:128)
      	at weather.driver.WebDriverFactory.getChromeDriver(WebDriverFactory.java:48)
      	at weather.driver.WebDriverFactory.getWebDriver(WebDriverFactory.java:28)
      	at weather.hooks.Setup.before(Setup.java:21)
      	at sun.reflect.NativeMethodAccessorImpl.invoke0(Native Method)
      	at sun.reflect.NativeMethodAccessorImpl.invoke(NativeMethodAccessorImpl.java:57)
      	at sun.reflect.DelegatingMethodAccessorImpl.invoke(DelegatingMethodAccessorImpl.java:43)
      	at java.lang.reflect.Method.invoke(Method.java:606)
      	at cucumber.runtime.Utils$1.call(Utils.java:37)
      	at cucumber.runtime.Timeout.timeout(Timeout.java:13)
      	at cucumber.runtime.Utils.invoke(Utils.java:31)
      	at cucumber.runtime.java.JavaHookDefinition.execute(JavaHookDefinition.java:60)
      	at cucumber.runtime.Runtime.runHookIfTagsMatch(Runtime.java:223)
      	at cucumber.runtime.Runtime.runHooks(Runtime.java:211)
      	at cucumber.runtime.Runtime.runBeforeHooks(Runtime.java:201)
      	at cucumber.runtime.model.CucumberScenario.run(CucumberScenario.java:40)
      	at cucumber.runtime.junit.ExecutionUnitRunner.run(ExecutionUnitRunner.java:91)
      	at cucumber.runtime.junit.FeatureRunner.runChild(FeatureRunner.java:63)
      	at cucumber.runtime.junit.FeatureRunner.runChild(FeatureRunner.java:18)
      	at org.junit.runners.ParentRunner$3.run(ParentRunner.java:290)
      	at org.junit.runners.ParentRunner$1.schedule(ParentRunner.java:71)
      	at org.junit.runners.ParentRunner.runChildren(ParentRunner.java:288)
      	at org.junit.runners.ParentRunner.access$000(ParentRunner.java:58)
      	at org.junit.runners.ParentRunner$2.evaluate(ParentRunner.java:268)
      	at org.junit.runners.ParentRunner.run(ParentRunner.java:363)
      	at cucumber.runtime.junit.FeatureRunner.run(FeatureRunner.java:70)
      	at cucumber.api.junit.Cucumber.runChild(Cucumber.java:93)
      	at cucumber.api.junit.Cucumber.runChild(Cucumber.java:37)
      	at org.junit.runners.ParentRunner$3.run(ParentRunner.java:290)
      	at org.junit.runners.ParentRunner$1.schedule(ParentRunner.java:71)
      	at org.junit.runners.ParentRunner.runChildren(ParentRunner.java:288)
      	at org.junit.runners.ParentRunner.access$000(ParentRunner.java:58)
      	at org.junit.runners.ParentRunner$2.evaluate(ParentRunner.java:268)
      	at org.junit.runners.ParentRunner.run(ParentRunner.java:363)
      	at cucumber.api.junit.Cucumber.run(Cucumber.java:98)
      	at org.apache.maven.surefire.junit4.JUnit4Provider.execute(JUnit4Provider.java:252)
      	at org.apache.maven.surefire.junit4.JUnit4Provider.executeTestSet(JUnit4Provider.java:141)
      	at org.apache.maven.surefire.junit4.JUnit4Provider.invoke(JUnit4Provider.java:112)
      	at sun.reflect.NativeMethodAccessorImpl.invoke0(Native Method)
      	at sun.reflect.NativeMethodAccessorImpl.invoke(NativeMethodAccessorImpl.java:57)
      	at sun.reflect.DelegatingMethodAccessorImpl.invoke(DelegatingMethodAccessorImpl.java:43)
      	at java.lang.reflect.Method.invoke(Method.java:606)
      	at org.apache.maven.surefire.util.ReflectionUtils.invokeMethodWithArray(ReflectionUtils.java:189)
      	at org.apache.maven.surefire.booter.ProviderFactory$ProviderProxy.invoke(ProviderFactory.java:165)
      	at org.apache.maven.surefire.booter.ProviderFactory.invokeProvider(ProviderFactory.java:85)
      	at org.apache.maven.surefire.booter.ForkedBooter.runSuitesInProcess(ForkedBooter.java:115)
      	at org.apache.maven.surefire.booter.ForkedBooter.main(ForkedBooter.java:75)
      Caused by: org.openqa.selenium.WebDriverException: Timed out waiting for driver server to start.
      Build info: version: &apos;2.41.0&apos;, revision: &apos;3192d8a&apos;, time: &apos;2014-03-27 17:17:32&apos;
      System info: host: &apos;lws0186160&apos;, ip: &apos;127.0.0.1&apos;, os.name: &apos;Linux&apos;, os.arch: &apos;amd64&apos;, os.version: &apos;2.6.32-573.3.1.el6.x86_64&apos;, java.version: &apos;1.7.0_51&apos;
      Driver info: driver.version: ChromeDriver
      	at org.openqa.selenium.remote.service.DriverService.start(DriverService.java:165)
      	at org.openqa.selenium.remote.service.DriverCommandExecutor.execute(DriverCommandExecutor.java:62)
      	at org.openqa.selenium.remote.RemoteWebDriver.execute(RemoteWebDriver.java:568)
      	... 52 more
      Caused by: org.openqa.selenium.net.UrlChecker$TimeoutException: Timed out waiting for [http://localhost:7256/status] to be available after 20001 ms
      	at org.openqa.selenium.net.UrlChecker.waitUntilAvailable(UrlChecker.java:104)
      	at org.openqa.selenium.remote.service.DriverService.start(DriverService.java:163)
      	... 54 more
      Caused by: com.google.common.util.concurrent.UncheckedTimeoutException: java.util.concurrent.TimeoutException
      	at com.google.common.util.concurrent.SimpleTimeLimiter.callWithTimeout(SimpleTimeLimiter.java:143)
      	at org.openqa.selenium.net.UrlChecker.waitUntilAvailable(UrlChecker.java:79)
      	... 55 more
      Caused by: java.util.concurrent.TimeoutException
      	at java.util.concurrent.FutureTask.get(FutureTask.java:201)
      	at com.google.common.util.concurrent.SimpleTimeLimiter.callWithTimeout(SimpleTimeLimiter.java:130)
      	... 56 more
      &amp;#27;[0m
</system-out>
  </testcase>
  <testcase time="20.334" classname="Scenario: User can see 5 days weather forecast for a given location" name="When user introduces a location in the search box">
    <skipped/>
  </testcase>
  <testcase time="20.335" classname="Scenario: User can see 5 days weather forecast for a given location" name="Then user can see 5 days weather forecast">
    <skipped/>
  </testcase>
  <testcase time="20.337" classname="Scenario: User can see 5 days weather forecast for a given location" name="Scenario: User can see 5 days weather forecast for a given location">
    <error type="java.lang.NullPointerException">java.lang.NullPointerException
	at weather.hooks.Setup.tearDown(Setup.java:27)
	at sun.reflect.NativeMethodAccessorImpl.invoke0(Native Method)
	at sun.reflect.NativeMethodAccessorImpl.invoke(NativeMethodAccessorImpl.java:57)
	at sun.reflect.DelegatingMethodAccessorImpl.invoke(DelegatingMethodAccessorImpl.java:43)
	at java.lang.reflect.Method.invoke(Method.java:606)
	at cucumber.runtime.Utils$1.call(Utils.java:37)
	at cucumber.runtime.Timeout.timeout(Timeout.java:13)
	at cucumber.runtime.Utils.invoke(Utils.java:31)
	at cucumber.runtime.java.JavaHookDefinition.execute(JavaHookDefinition.java:60)
	at cucumber.runtime.Runtime.runHookIfTagsMatch(Runtime.java:223)
	at cucumber.runtime.Runtime.runHooks(Runtime.java:211)
	at cucumber.runtime.Runtime.runAfterHooks(Runtime.java:205)
	at cucumber.runtime.model.CucumberScenario.run(CucumberScenario.java:46)
	at cucumber.runtime.junit.ExecutionUnitRunner.run(ExecutionUnitRunner.java:91)
	at cucumber.runtime.junit.FeatureRunner.runChild(FeatureRunner.java:63)
	at cucumber.runtime.junit.FeatureRunner.runChild(FeatureRunner.java:18)
	at org.junit.runners.ParentRunner$3.run(ParentRunner.java:290)
	at org.junit.runners.ParentRunner$1.schedule(ParentRunner.java:71)
	at org.junit.runners.ParentRunner.runChildren(ParentRunner.java:288)
	at org.junit.runners.ParentRunner.access$000(ParentRunner.java:58)
	at org.junit.runners.ParentRunner$2.evaluate(ParentRunner.java:268)
	at org.junit.runners.ParentRunner.run(ParentRunner.java:363)
	at cucumber.runtime.junit.FeatureRunner.run(FeatureRunner.java:70)
	at cucumber.api.junit.Cucumber.runChild(Cucumber.java:93)
	at cucumber.api.junit.Cucumber.runChild(Cucumber.java:37)
	at org.junit.runners.ParentRunner$3.run(ParentRunner.java:290)
	at org.junit.runners.ParentRunner$1.schedule(ParentRunner.java:71)
	at org.junit.runners.ParentRunner.runChildren(ParentRunner.java:288)
	at org.junit.runners.ParentRunner.access$000(ParentRunner.java:58)
	at org.junit.runners.ParentRunner$2.evaluate(ParentRunner.java:268)
	at org.junit.runners.ParentRunner.run(ParentRunner.java:363)
	at cucumber.api.junit.Cucumber.run(Cucumber.java:98)
	at org.apache.maven.surefire.junit4.JUnit4Provider.execute(JUnit4Provider.java:252)
	at org.apache.maven.surefire.junit4.JUnit4Provider.executeTestSet(JUnit4Provider.java:141)
	at org.apache.maven.surefire.junit4.JUnit4Provider.invoke(JUnit4Provider.java:112)
	at sun.reflect.NativeMethodAccessorImpl.invoke0(Native Method)
	at sun.reflect.NativeMethodAccessorImpl.invoke(NativeMethodAccessorImpl.java:57)
	at sun.reflect.DelegatingMethodAccessorImpl.invoke(DelegatingMethodAccessorImpl.java:43)
	at java.lang.reflect.Method.invoke(Method.java:606)
	at org.apache.maven.surefire.util.ReflectionUtils.invokeMethodWithArray(ReflectionUtils.java:189)
	at org.apache.maven.surefire.booter.ProviderFactory$ProviderProxy.invoke(ProviderFactory.java:165)
	at org.apache.maven.surefire.booter.ProviderFactory.invokeProvider(ProviderFactory.java:85)
	at org.apache.maven.surefire.booter.ForkedBooter.runSuitesInProcess(ForkedBooter.java:115)
	at org.apache.maven.surefire.booter.ForkedBooter.main(ForkedBooter.java:75)
</error>
  </testcase>
  <testcase time="20.339" classname="Scenario: User can see 5 days weather forecast for a given location" name="Scenario: User can see 5 days weather forecast for a given location">
    <skipped/>
    <system-out>&amp;#27;[31mFailure in after hook:&amp;#27;[0m&amp;#27;[31mSetup.tearDown()&amp;#27;[0m
&amp;#27;[31mMessage: &amp;#27;[0m&amp;#27;[31mjava.lang.NullPointerException
	at weather.hooks.Setup.tearDown(Setup.java:27)
	at sun.reflect.NativeMethodAccessorImpl.invoke0(Native Method)
	at sun.reflect.NativeMethodAccessorImpl.invoke(NativeMethodAccessorImpl.java:57)
	at sun.reflect.DelegatingMethodAccessorImpl.invoke(DelegatingMethodAccessorImpl.java:43)
	at java.lang.reflect.Method.invoke(Method.java:606)
	at cucumber.runtime.Utils$1.call(Utils.java:37)
	at cucumber.runtime.Timeout.timeout(Timeout.java:13)
	at cucumber.runtime.Utils.invoke(Utils.java:31)
	at cucumber.runtime.java.JavaHookDefinition.execute(JavaHookDefinition.java:60)
	at cucumber.runtime.Runtime.runHookIfTagsMatch(Runtime.java:223)
	at cucumber.runtime.Runtime.runHooks(Runtime.java:211)
	at cucumber.runtime.Runtime.runAfterHooks(Runtime.java:205)
	at cucumber.runtime.model.CucumberScenario.run(CucumberScenario.java:46)
	at cucumber.runtime.junit.ExecutionUnitRunner.run(ExecutionUnitRunner.java:91)
	at cucumber.runtime.junit.FeatureRunner.runChild(FeatureRunner.java:63)
	at cucumber.runtime.junit.FeatureRunner.runChild(FeatureRunner.java:18)
	at org.junit.runners.ParentRunner$3.run(ParentRunner.java:290)
	at org.junit.runners.ParentRunner$1.schedule(ParentRunner.java:71)
	at org.junit.runners.ParentRunner.runChildren(ParentRunner.java:288)
	at org.junit.runners.ParentRunner.access$000(ParentRunner.java:58)
	at org.junit.runners.ParentRunner$2.evaluate(ParentRunner.java:268)
	at org.junit.runners.ParentRunner.run(ParentRunner.java:363)
	at cucumber.runtime.junit.FeatureRunner.run(FeatureRunner.java:70)
	at cucumber.api.junit.Cucumber.runChild(Cucumber.java:93)
	at cucumber.api.junit.Cucumber.runChild(Cucumber.java:37)
	at org.junit.runners.ParentRunner$3.run(ParentRunner.java:290)
	at org.junit.runners.ParentRunner$1.schedule(ParentRunner.java:71)
	at org.junit.runners.ParentRunner.runChildren(ParentRunner.java:288)
	at org.junit.runners.ParentRunner.access$000(ParentRunner.java:58)
	at org.junit.runners.ParentRunner$2.evaluate(ParentRunner.java:268)
	at org.junit.runners.ParentRunner.run(ParentRunner.java:363)
	at cucumber.api.junit.Cucumber.run(Cucumber.java:98)
	at org.apache.maven.surefire.junit4.JUnit4Provider.execute(JUnit4Provider.java:252)
	at org.apache.maven.surefire.junit4.JUnit4Provider.executeTestSet(JUnit4Provider.java:141)
	at org.apache.maven.surefire.junit4.JUnit4Provider.invoke(JUnit4Provider.java:112)
	at sun.reflect.NativeMethodAccessorImpl.invoke0(Native Method)
	at sun.reflect.NativeMethodAccessorImpl.invoke(NativeMethodAccessorImpl.java:57)
	at sun.reflect.DelegatingMethodAccessorImpl.invoke(DelegatingMethodAccessorImpl.java:43)
	at java.lang.reflect.Method.invoke(Method.java:606)
	at org.apache.maven.surefire.util.ReflectionUtils.invokeMethodWithArray(ReflectionUtils.java:189)
	at org.apache.maven.surefire.booter.ProviderFactory$ProviderProxy.invoke(ProviderFactory.java:165)
	at org.apache.maven.surefire.booter.ProviderFactory.invokeProvider(ProviderFactory.java:85)
	at org.apache.maven.surefire.booter.ForkedBooter.runSuitesInProcess(ForkedBooter.java:115)
	at org.apache.maven.surefire.booter.ForkedBooter.main(ForkedBooter.java:75)
&amp;#27;[0m
      &amp;#27;[31mjava.lang.NullPointerException
      	at weather.hooks.Setup.tearDown(Setup.java:27)
      	at sun.reflect.NativeMethodAccessorImpl.invoke0(Native Method)
      	at sun.reflect.NativeMethodAccessorImpl.invoke(NativeMethodAccessorImpl.java:57)
      	at sun.reflect.DelegatingMethodAccessorImpl.invoke(DelegatingMethodAccessorImpl.java:43)
      	at java.lang.reflect.Method.invoke(Method.java:606)
      	at cucumber.runtime.Utils$1.call(Utils.java:37)
      	at cucumber.runtime.Timeout.timeout(Timeout.java:13)
      	at cucumber.runtime.Utils.invoke(Utils.java:31)
      	at cucumber.runtime.java.JavaHookDefinition.execute(JavaHookDefinition.java:60)
      	at cucumber.runtime.Runtime.runHookIfTagsMatch(Runtime.java:223)
      	at cucumber.runtime.Runtime.runHooks(Runtime.java:211)
      	at cucumber.runtime.Runtime.runAfterHooks(Runtime.java:205)
      	at cucumber.runtime.model.CucumberScenario.run(CucumberScenario.java:46)
      	at cucumber.runtime.junit.ExecutionUnitRunner.run(ExecutionUnitRunner.java:91)
      	at cucumber.runtime.junit.FeatureRunner.runChild(FeatureRunner.java:63)
      	at cucumber.runtime.junit.FeatureRunner.runChild(FeatureRunner.java:18)
      	at org.junit.runners.ParentRunner$3.run(ParentRunner.java:290)
      	at org.junit.runners.ParentRunner$1.schedule(ParentRunner.java:71)
      	at org.junit.runners.ParentRunner.runChildren(ParentRunner.java:288)
      	at org.junit.runners.ParentRunner.access$000(ParentRunner.java:58)
      	at org.junit.runners.ParentRunner$2.evaluate(ParentRunner.java:268)
      	at org.junit.runners.ParentRunner.run(ParentRunner.java:363)
      	at cucumber.runtime.junit.FeatureRunner.run(FeatureRunner.java:70)
      	at cucumber.api.junit.Cucumber.runChild(Cucumber.java:93)
      	at cucumber.api.junit.Cucumber.runChild(Cucumber.java:37)
      	at org.junit.runners.ParentRunner$3.run(ParentRunner.java:290)
      	at org.junit.runners.ParentRunner$1.schedule(ParentRunner.java:71)
      	at org.junit.runners.ParentRunner.runChildren(ParentRunner.java:288)
      	at org.junit.runners.ParentRunner.access$000(ParentRunner.java:58)
      	at org.junit.runners.ParentRunner$2.evaluate(ParentRunner.java:268)
      	at org.junit.runners.ParentRunner.run(ParentRunner.java:363)
      	at cucumber.api.junit.Cucumber.run(Cucumber.java:98)
      	at org.apache.maven.surefire.junit4.JUnit4Provider.execute(JUnit4Provider.java:252)
      	at org.apache.maven.surefire.junit4.JUnit4Provider.executeTestSet(JUnit4Provider.java:141)
      	at org.apache.maven.surefire.junit4.JUnit4Provider.invoke(JUnit4Provider.java:112)
      	at sun.reflect.NativeMethodAccessorImpl.invoke0(Native Method)
      	at sun.reflect.NativeMethodAccessorImpl.invoke(NativeMethodAccessorImpl.java:57)
      	at sun.reflect.DelegatingMethodAccessorImpl.invoke(DelegatingMethodAccessorImpl.java:43)
      	at java.lang.reflect.Method.invoke(Method.java:606)
      	at org.apache.maven.surefire.util.ReflectionUtils.invokeMethodWithArray(ReflectionUtils.java:189)
      	at org.apache.maven.surefire.booter.ProviderFactory$ProviderProxy.invoke(ProviderFactory.java:165)
      	at org.apache.maven.surefire.booter.ProviderFactory.invokeProvider(ProviderFactory.java:85)
      	at org.apache.maven.surefire.booter.ForkedBooter.runSuitesInProcess(ForkedBooter.java:115)
      	at org.apache.maven.surefire.booter.ForkedBooter.main(ForkedBooter.java:75)
      &amp;#27;[0m
</system-out>
  </testcase>
</testsuite>